<?xml version="1.0" encoding="UTF-8"?>
<!-- Generated by org.testng.reporters.JUnitReportReporter -->
<testsuite hostname="DESKTOP-CRJLNC6" failures="0" tests="1" name="traning.jan.project.JunitPractice" time="0.007" errors="0" timestamp="2023-01-18T19:55:26 IST" skipped="0">
  <testcase classname="traning.jan.project.JunitPractice" name="test" time="0.007"/>
  <system-out/>
</testsuite> <!-- traning.jan.project.JunitPractice -->
