<?xml version="1.0" encoding="UTF-8"?>
<!-- Generated by org.testng.reporters.JUnitReportReporter -->
<testsuite hostname="DESKTOP-CRJLNC6" failures="0" tests="1" name="practice.testng.CheapOairRun" time="11.255" errors="0" timestamp="2023-02-04T18:52:33 IST" skipped="0">
  <testcase classname="practice.testng.CheapOairRun" name="CheapOairExecution" time="11.255"/>
  <system-out/>
</testsuite> <!-- practice.testng.CheapOairRun -->
