<?xml version="1.0" encoding="UTF-8"?>
<!-- Generated by org.testng.reporters.JUnitReportReporter -->
<testsuite hostname="DESKTOP-CRJLNC6" failures="0" tests="1" name="traning.jan.project.JunitPractice3" time="0.010" errors="0" timestamp="2023-01-18T20:05:51 IST" skipped="0">
  <testcase classname="traning.jan.project.JunitPractice3" name="test" time="0.010"/>
  <system-out/>
</testsuite> <!-- traning.jan.project.JunitPractice3 -->
